2025-12-19 14:35:14 - MQTT Message - Topic: f8e87394/1C:69:20:A3:8F:F0/data/ph, Payload: 2.17,1766151314
2025-12-19 14:43:51 - MQTT Message - Topic: f8e87394/1C:69:20:A3:8F:F0/data/temperature, Payload: 21.56,1766151831
2025-12-19 14:43:54 - MQTT Message - Topic: f8e87394/1C:69:20:A3:8F:F0/data/temperature, Payload: -661.10,1766151834
2025-12-19 14:44:06 - MQTT Message - Topic: f8e87394/1C:69:20:A3:8F:F0/data/temperature, Payload: 21.69,1766151846
2025-12-19 14:44:39 - MQTT Message - Topic: f8e87394/1C:69:20:A3:8F:F0/data/temperature, Payload: 21.67,1766151879
2025-12-19 14:44:53 - MQTT Message - Topic: f8e87394/1C:69:20:A3:8F:F0/data/temperature, Payload: 22.04,1766151893
2025-12-19 14:45:06 - MQTT Message - Topic: f8e87394/1C:69:20:A3:8F:F0/data/temperature, Payload: 22.77,1766151906
2025-12-19 14:45:19 - MQTT Message - Topic: f8e87394/1C:69:20:A3:8F:F0/data/temperature, Payload: 23.12,1766151919
2025-12-19 14:45:32 - MQTT Message - Topic: f8e87394/1C:69:20:A3:8F:F0/data/temperature, Payload: 23.21,1766151932
2025-12-19 14:45:42 - MQTT Message - Topic: f8e87394/1C:69:20:A3:8F:F0/data/ph, Payload: 2.25,1766151942
2025-12-19 14:45:45 - MQTT Message - Topic: f8e87394/1C:69:20:A3:8F:F0/data/temperature, Payload: 22.98,1766151945
2025-12-19 14:45:58 - MQTT Message - Topic: f8e87394/1C:69:20:A3:8F:F0/data/temperature, Payload: 108.15,1766151958
2025-12-19 14:45:58 - MQTT Message - Topic: f8e87394/1C:69:20:A3:8F:F0/data/ph, Payload: 6.93,1766151958
2025-12-19 14:46:31 - MQTT Message - Topic: f8e87394/1C:69:20:A3:8F:F0/data/feed, Payload: 1766151991,success
2025-12-19 14:47:05 - MQTT Message - Topic: f8e87394/1C:69:20:A3:8F:F0/data/feed, Payload: 1766152025,failure
2025-12-19 14:48:15 - MQTT Message - Topic: f8e87394/1C:69:20:A3:8F:F0/data/feed, Payload: 1766152095,success
2025-12-19 14:49:31 - MQTT Message - Topic: f8e87394/1C:69:20:A3:8F:F0/data/feed, Payload: 1766152171,failure
2025-12-19 14:50:35 - MQTT Message - Topic: f8e87394/1C:69:20:A3:8F:F0/data/feed, Payload: 1766152235,success
2025-12-19 14:51:27 - MQTT Message - Topic: f8e87394/1C:69:20:A3:8F:F0/data/feed, Payload: 1766152287,success
2025-12-19 14:51:43 - MQTT Message - Topic: f8e87394/1C:69:20:A3:8F:F0/data/feed, Payload: 1766152303,success
2025-12-19 14:52:08 - MQTT Message - Topic: f8e87394/1C:69:20:A3:8F:F0/data/feed, Payload: 1766152328,failure
2025-12-19 14:52:12 - MQTT Message - Topic: f8e87394/1C:69:20:A3:8F:F0/data/feed, Payload: 1766152332,success
2025-12-19 14:52:25 - MQTT Message - Topic: f8e87394/1C:69:20:A3:8F:F0/data/feed, Payload: 1766152345,success
2025-12-19 14:52:41 - MQTT Message - Topic: f8e87394/1C:69:20:A3:8F:F0/data/feed, Payload: 1766152361,success
2025-12-19 14:53:00 - MQTT Message - Topic: f8e87394/1C:69:20:A3:8F:F0/data/feed, Payload: 1766152380,success
2025-12-19 14:53:25 - MQTT Message - Topic: f8e87394/1C:69:20:A3:8F:F0/data/feed, Payload: 1766152405,success
2025-12-19 14:53:29 - MQTT Message - Topic: f8e87394/1C:69:20:A3:8F:F0/data/feed, Payload: 1766152409,success
2025-12-19 14:57:17 - MQTT Message - Topic: f8e87394/1C:69:20:A3:8F:F0/data/temperature, Payload: 20.67,1766152637
2025-12-19 14:57:29 - MQTT Message - Topic: f8e87394/1C:69:20:A3:8F:F0/data/temperature, Payload: 20.62,1766152649
2025-12-19 14:57:53 - MQTT Message - Topic: f8e87394/1C:69:20:A3:8F:F0/data/temperature, Payload: 20.56,1766152673
2025-12-19 14:59:35 - MQTT Message - Topic: f8e87394/1C:69:20:A3:8F:F0/data/temperature, Payload: 20.44,1766152775
2025-12-19 15:00:13 - MQTT Message - Topic: f8e87394/1C:69:20:A3:8F:F0/data/feed, Payload: 1766152813,failure
2025-12-19 15:02:25 - MQTT Message - Topic: f8e87394/1C:69:20:A3:8F:F0/data/feed, Payload: 1766152945,failure
2025-12-19 15:03:53 - MQTT Message - Topic: f8e87394/1C:69:20:A3:8F:F0/data/ph, Payload: 6.92,1766153033
